[14:18:28] Explicit valence for atom # 2 C, 5, is greater than permitted
[14:20:52] Explicit valence for atom # 5 C, 5, is greater than permitted
[14:21:13] Explicit valence for atom # 4 C, 5, is greater than permitted
[14:21:13] Explicit valence for atom # 5 C, 5, is greater than permitted
Solvation Calculation - QM9 Dataset
gdb9_133791
[Quantity(value=-53.38303679227829, unit=kilojoule/mole)]
gdb9_133792
[Quantity(value=-51.96715533733368, unit=kilojoule/mole)]
gdb9_133793
[Quantity(value=-44.99135040352121, unit=kilojoule/mole)]
gdb9_133794
[Quantity(value=-46.29940351424739, unit=kilojoule/mole)]
gdb9_133795
[Quantity(value=-29.07724488142412, unit=kilojoule/mole)]
gdb9_133796
[Quantity(value=-4.305946658947505, unit=kilojoule/mole)]
gdb9_133797
[Quantity(value=-23.327648994512856, unit=kilojoule/mole)]
gdb9_133798
[Quantity(value=-24.287023533601314, unit=kilojoule/mole)]
gdb9_133799
[Quantity(value=-14.355429561343044, unit=kilojoule/mole)]
gdb9_133800
[Quantity(value=-15.558342803269625, unit=kilojoule/mole)]
gdb9_133801
[Quantity(value=-18.665405263076536, unit=kilojoule/mole)]
gdb9_133802
[Quantity(value=-35.0764748994261, unit=kilojoule/mole)]
gdb9_133803
[Quantity(value=-38.91628208709881, unit=kilojoule/mole)]
gdb9_133804
[Quantity(value=-28.82205430418253, unit=kilojoule/mole)]
gdb9_133805
[Quantity(value=-39.3579011708498, unit=kilojoule/mole)]
gdb9_133806
[Quantity(value=-38.07569131394848, unit=kilojoule/mole)]
gdb9_133807
[Quantity(value=-5.770704673603177, unit=kilojoule/mole)]
gdb9_133808
[Quantity(value=-22.29252700181678, unit=kilojoule/mole)]
gdb9_133809
[Quantity(value=-20.207805156707764, unit=kilojoule/mole)]
gdb9_133810
[Quantity(value=-18.944588409736753, unit=kilojoule/mole)]
gdb9_133811
[Quantity(value=-20.611747378483415, unit=kilojoule/mole)]
gdb9_133812
['gdb9_133812', 'Failed on openmm_solv133811: Unable to make OFFMol from RDMol: RDMol has unspecified stereochemistry. RDMol name: gdb_133812Undefined chiral centers are:\n - Atom C (index 1)\n']
gdb9_133813
[Quantity(value=-939.1197276711464, unit=kilojoule/mole)]
gdb9_133814
[Quantity(value=-1997.5371903181076, unit=kilojoule/mole)]
gdb9_133815
[Quantity(value=-246.86337070842274, unit=kilojoule/mole)]
gdb9_133816
[Quantity(value=-2028.8904303908348, unit=kilojoule/mole)]
gdb9_133817
['gdb9_133817', 'Failed on openmm_solv133816: No registered toolkits can provide the capability "generate_conformers" for args "(Molecule with name \'gdb_133817\' and SMILES \'[H][C]1([H])[C]23[C]([H])([H])[N@+]4([H])[C@@]5([H])[C@@]([H])([C@]24[H])[N@+]1([H])[C@@]35[H]\',)" and kwargs "{\'n_conformers\': 10, \'rms_cutoff\': None, \'clear_existing\': True, \'make_carboxylic_acids_cis\': True}"\nAvailable toolkits are: [ToolkitWrapper around The RDKit version 2023.09.6, ToolkitWrapper around AmberTools version 22.0, ToolkitWrapper around Built-in Toolkit version None]\n ToolkitWrapper around The RDKit version 2023.09.6 <class \'openff.toolkit.utils.exceptions.ConformerGenerationError\'> : RDKit conformer generation failed.\n']
gdb9_133818
[Quantity(value=-238.35339578986168, unit=kilojoule/mole)]
gdb9_133819
[Quantity(value=-19.532594829797745, unit=kilojoule/mole)]
gdb9_133820
[Quantity(value=-19.226368084549904, unit=kilojoule/mole)]
gdb9_133821
[Quantity(value=-17.75424011889845, unit=kilojoule/mole)]
gdb9_133822
[Quantity(value=-240.57283863425255, unit=kilojoule/mole)]
gdb9_133823
[Quantity(value=-211.3701367676258, unit=kilojoule/mole)]
gdb9_133824
['gdb9_133824', 'Failed on openmm_solv133823: No registered toolkits can provide the capability "generate_conformers" for args "(Molecule with name \'gdb_133824\' and SMILES \'[H][O][C@@]12[C@]3([H])[C@@]4([H])[C@]3([H])[C@]3([H])[C@@]4([H])[C@@]1([H])[C@@]32[H]\',)" and kwargs "{\'n_conformers\': 10, \'rms_cutoff\': None, \'clear_existing\': True, \'make_carboxylic_acids_cis\': True}"\nAvailable toolkits are: [ToolkitWrapper around The RDKit version 2023.09.6, ToolkitWrapper around AmberTools version 22.0, ToolkitWrapper around Built-in Toolkit version None]\n ToolkitWrapper around The RDKit version 2023.09.6 <class \'openff.toolkit.utils.exceptions.ConformerGenerationError\'> : RDKit conformer generation failed.\n']
gdb9_133825
[Quantity(value=3.816592901945114, unit=kilojoule/mole)]
gdb9_133826
[Quantity(value=-1902.1511733084917, unit=kilojoule/mole)]
gdb9_133827
[Quantity(value=-255.23460564017296, unit=kilojoule/mole)]
gdb9_133828
[Quantity(value=5.001193762756884, unit=kilojoule/mole)]
gdb9_133829
[Quantity(value=-11.73843451961875, unit=kilojoule/mole)]
gdb9_133830
[Quantity(value=-858.656789124012, unit=kilojoule/mole)]
gdb9_133831
['gdb9_133831', 'Failed on openmm_solv133830: Explicit valence for atom # 2 C, 5, is greater than permitted']
gdb9_133832
[Quantity(value=-250.46780532598495, unit=kilojoule/mole)]
gdb9_133833
[Quantity(value=-14.217923660762608, unit=kilojoule/mole)]
gdb9_133834
[Quantity(value=-28.12167965248227, unit=kilojoule/mole)]
gdb9_133835
[Quantity(value=-921.3170326501131, unit=kilojoule/mole)]
gdb9_133836
[Quantity(value=3.9103038609027863, unit=kilojoule/mole)]
gdb9_133837
[Quantity(value=-844.9541107416153, unit=kilojoule/mole)]
gdb9_133838
[Quantity(value=-210.81738847494125, unit=kilojoule/mole)]
gdb9_133839
[Quantity(value=-15.645977705717087, unit=kilojoule/mole)]
gdb9_133840
[Quantity(value=5.557767733931541, unit=kilojoule/mole)]
gdb9_133841
[Quantity(value=-267.6223137527704, unit=kilojoule/mole)]
gdb9_133842
[Quantity(value=-875.1371322758496, unit=kilojoule/mole)]
gdb9_133843
[Quantity(value=-213.91989302635193, unit=kilojoule/mole)]
gdb9_133844
[Quantity(value=-14.178841784596443, unit=kilojoule/mole)]
gdb9_133845
[Quantity(value=-37.800548911094666, unit=kilojoule/mole)]
gdb9_133846
[Quantity(value=4.504073660355061, unit=kilojoule/mole)]
gdb9_133847
[Quantity(value=-12.286206032615155, unit=kilojoule/mole)]
gdb9_133848
[Quantity(value=-853.9114652425051, unit=kilojoule/mole)]
gdb9_133849
[Quantity(value=-209.15687017329037, unit=kilojoule/mole)]
gdb9_133850
[Quantity(value=-14.039499901235104, unit=kilojoule/mole)]
gdb9_133851
[Quantity(value=-13.866032605990767, unit=kilojoule/mole)]
gdb9_133852
[Quantity(value=-28.459354190155864, unit=kilojoule/mole)]
gdb9_133853
[Quantity(value=-912.37881334126, unit=kilojoule/mole)]
gdb9_133854
[Quantity(value=-904.1082850862294, unit=kilojoule/mole)]
gdb9_133855
[Quantity(value=-17.728326559066772, unit=kilojoule/mole)]
gdb9_133856
[Quantity(value=-249.0508949533105, unit=kilojoule/mole)]
gdb9_133857
['gdb9_133857', 'Failed on openmm_solv133856: No registered toolkits can provide the capability "generate_conformers" for args "(Molecule with name \'gdb_133857\' and SMILES \'[H][C-]1[C]([H])([H])[C@@]23[C@]([H])([C]([H])([H])[H])[C@]2([H])[C@@]2([H])[C@]1([H])[C@]23[H]\',)" and kwargs "{\'n_conformers\': 10, \'rms_cutoff\': None, \'clear_existing\': True, \'make_carboxylic_acids_cis\': True}"\nAvailable toolkits are: [ToolkitWrapper around The RDKit version 2023.09.6, ToolkitWrapper around AmberTools version 22.0, ToolkitWrapper around Built-in Toolkit version None]\n ToolkitWrapper around The RDKit version 2023.09.6 <class \'openff.toolkit.utils.exceptions.ConformerGenerationError\'> : RDKit conformer generation failed.\n']
gdb9_133858
[Quantity(value=-206.38104213774204, unit=kilojoule/mole)]
gdb9_133859
['gdb9_133859', 'Failed on openmm_solv133858: No registered toolkits can provide the capability "generate_conformers" for args "(Molecule with name \'gdb_133859\' and SMILES \'[H][C-]1[C]([H])([H])[C@]23[C@]4([H])[C@@]1([H])[C@]4([H])[C@@]2([H])[N@@+]3([H])[C]([H])([H])[H]\',)" and kwargs "{\'n_conformers\': 10, \'rms_cutoff\': None, \'clear_existing\': True, \'make_carboxylic_acids_cis\': True}"\nAvailable toolkits are: [ToolkitWrapper around The RDKit version 2023.09.6, ToolkitWrapper around AmberTools version 22.0, ToolkitWrapper around Built-in Toolkit version None]\n ToolkitWrapper around The RDKit version 2023.09.6 <class \'openff.toolkit.utils.exceptions.ConformerGenerationError\'> : RDKit conformer generation failed.\n']
gdb9_133860
['gdb9_133860', 'Failed on openmm_solv133859: No registered toolkits can provide the capability "generate_conformers" for args "(Molecule with name \'gdb_133860\' and SMILES \'[H][O][C@]1([H])[C@]2([H])[C@@]3([H])[C@@]4([H])[C-]([H])[C]([H])([H])[C@@]12[C@]43[H]\',)" and kwargs "{\'n_conformers\': 10, \'rms_cutoff\': None, \'clear_existing\': True, \'make_carboxylic_acids_cis\': True}"\nAvailable toolkits are: [ToolkitWrapper around The RDKit version 2023.09.6, ToolkitWrapper around AmberTools version 22.0, ToolkitWrapper around Built-in Toolkit version None]\n ToolkitWrapper around The RDKit version 2023.09.6 <class \'openff.toolkit.utils.exceptions.ConformerGenerationError\'> : RDKit conformer generation failed.\n']
gdb9_133861
[Quantity(value=-227.96534299850464, unit=kilojoule/mole)]
gdb9_133862
['gdb9_133862', 'Failed on openmm_solv133861: No registered toolkits can provide the capability "generate_conformers" for args "(Molecule with name \'gdb_133862\' and SMILES \'[H][O][C@]1([H])[C]([H])([H])[C@@]23[C]([H])([H])[C@@]([H])([C@@]21[H])[N@+]3([H])[C]([H])([H])[H]\',)" and kwargs "{\'n_conformers\': 10, \'rms_cutoff\': None, \'clear_existing\': True, \'make_carboxylic_acids_cis\': True}"\nAvailable toolkits are: [ToolkitWrapper around The RDKit version 2023.09.6, ToolkitWrapper around AmberTools version 22.0, ToolkitWrapper around Built-in Toolkit version None]\n ToolkitWrapper around The RDKit version 2023.09.6 <class \'openff.toolkit.utils.exceptions.ConformerGenerationError\'> : RDKit conformer generation failed.\n']
gdb9_133863
['gdb9_133863', 'Failed on openmm_solv133862: No registered toolkits can provide the capability "generate_conformers" for args "(Molecule with name \'gdb_133863\' and SMILES \'[H][C]1([H])[C]2([H])[C]([H])([H])[C]3([H])[C]([H])([H])[C]4([H])[C]([H])([H])[C]1([H])[C]234\',)" and kwargs "{\'n_conformers\': 10, \'rms_cutoff\': None, \'clear_existing\': True, \'make_carboxylic_acids_cis\': True}"\nAvailable toolkits are: [ToolkitWrapper around The RDKit version 2023.09.6, ToolkitWrapper around AmberTools version 22.0, ToolkitWrapper around Built-in Toolkit version None]\n ToolkitWrapper around The RDKit version 2023.09.6 <class \'openff.toolkit.utils.exceptions.ConformerGenerationError\'> : RDKit conformer generation failed.\n']
gdb9_133864
[Quantity(value=-223.13203664124012, unit=kilojoule/mole)]
gdb9_133865
[Quantity(value=-872.6670523807406, unit=kilojoule/mole)]
gdb9_133866
[Quantity(value=-253.01096472144127, unit=kilojoule/mole)]
gdb9_133867
['gdb9_133867', 'Failed on openmm_solv133866: No registered toolkits can provide the capability "generate_conformers" for args "(Molecule with name \'gdb_133867\' and SMILES \'[H][C]1([H])[C@@]2([H])[O][C@@]3([H])[C@]4([H])[C]([H])([H])[C@@]3([C]2([H])[H])[C@]14[H]\',)" and kwargs "{\'n_conformers\': 10, \'rms_cutoff\': None, \'clear_existing\': True, \'make_carboxylic_acids_cis\': True}"\nAvailable toolkits are: [ToolkitWrapper around The RDKit version 2023.09.6, ToolkitWrapper around AmberTools version 22.0, ToolkitWrapper around Built-in Toolkit version None]\n ToolkitWrapper around The RDKit version 2023.09.6 <class \'openff.toolkit.utils.exceptions.ConformerGenerationError\'> : RDKit conformer generation failed.\n']
gdb9_133868
['gdb9_133868', 'Failed on openmm_solv133867: No registered toolkits can provide the capability "generate_conformers" for args "(Molecule with name \'gdb_133868\' and SMILES \'[H][C]1([H])[C@]2([H])[C]([H])([H])[C@]3([H])[C@]4([H])[C]([H])([H])[C@]3([C]2([H])[H])[C@@]14[H]\',)" and kwargs "{\'n_conformers\': 10, \'rms_cutoff\': None, \'clear_existing\': True, \'make_carboxylic_acids_cis\': True}"\nAvailable toolkits are: [ToolkitWrapper around The RDKit version 2023.09.6, ToolkitWrapper around AmberTools version 22.0, ToolkitWrapper around Built-in Toolkit version None]\n ToolkitWrapper around The RDKit version 2023.09.6 <class \'openff.toolkit.utils.exceptions.ConformerGenerationError\'> : RDKit conformer generation failed.\n']
gdb9_133869
['gdb9_133869', 'Failed on openmm_solv133868: No registered toolkits can provide the capability "generate_conformers" for args "(Molecule with name \'gdb_133869\' and SMILES \'[H][C]1([H])[C@@]2([H])[O][C@@]34[C]([H])([H])[C@]([H])([C@]13[H])[C@@]4([H])[C]2([H])[H]\',)" and kwargs "{\'n_conformers\': 10, \'rms_cutoff\': None, \'clear_existing\': True, \'make_carboxylic_acids_cis\': True}"\nAvailable toolkits are: [ToolkitWrapper around The RDKit version 2023.09.6, ToolkitWrapper around AmberTools version 22.0, ToolkitWrapper around Built-in Toolkit version None]\n ToolkitWrapper around The RDKit version 2023.09.6 <class \'openff.toolkit.utils.exceptions.ConformerGenerationError\'> : RDKit conformer generation failed.\n']
gdb9_133870
['gdb9_133870', 'Failed on openmm_solv133869: No registered toolkits can provide the capability "generate_conformers" for args "(Molecule with name \'gdb_133870\' and SMILES \'[H][C]1([H])[C@@]2([H])[O][C@@]3([H])[C@]4([H])[C]([H])([H])[C@@]3([O]2)[C@]14[H]\',)" and kwargs "{\'n_conformers\': 10, \'rms_cutoff\': None, \'clear_existing\': True, \'make_carboxylic_acids_cis\': True}"\nAvailable toolkits are: [ToolkitWrapper around The RDKit version 2023.09.6, ToolkitWrapper around AmberTools version 22.0, ToolkitWrapper around Built-in Toolkit version None]\n ToolkitWrapper around The RDKit version 2023.09.6 <class \'openff.toolkit.utils.exceptions.ConformerGenerationError\'> : RDKit conformer generation failed.\n']
gdb9_133871
['gdb9_133871', 'Failed on openmm_solv133870: No registered toolkits can provide the capability "generate_conformers" for args "(Molecule with name \'gdb_133871\' and SMILES \'[H][C]1([H])[C@@]2([H])[O][C@@]3([H])[C@]4([H])[C]([H])([H])[C@@]13[C@]4([H])[O]2\',)" and kwargs "{\'n_conformers\': 10, \'rms_cutoff\': None, \'clear_existing\': True, \'make_carboxylic_acids_cis\': True}"\nAvailable toolkits are: [ToolkitWrapper around The RDKit version 2023.09.6, ToolkitWrapper around AmberTools version 22.0, ToolkitWrapper around Built-in Toolkit version None]\n ToolkitWrapper around The RDKit version 2023.09.6 <class \'openff.toolkit.utils.exceptions.ConformerGenerationError\'> : RDKit conformer generation failed.\n']
gdb9_133872
['gdb9_133872', 'Failed on openmm_solv133871: No registered toolkits can provide the capability "assign_partial_charges" for args "()" and kwargs "{\'molecule\': Molecule with name \'gdb_133872\' and SMILES \'[H][C]1([H])[C@@]2([H])[O][C@@]3([H])[C@@]14[C]([H])([H])[C@@]3([H])[N@+]4([H])[C]2([H])[H]\', \'partial_charge_method\': \'am1bcc\', \'use_conformers\': None, \'strict_n_conformers\': False, \'normalize_partial_charges\': True, \'_cls\': <class \'openff.toolkit.topology.molecule.Molecule\'>}"\nAvailable toolkits are: [ToolkitWrapper around The RDKit version 2023.09.6, ToolkitWrapper around AmberTools version 22.0, ToolkitWrapper around Built-in Toolkit version None]\n ToolkitWrapper around The RDKit version 2023.09.6 <class \'openff.toolkit.utils.exceptions.ChargeMethodUnavailableError\'> : partial_charge_method \'am1bcc\' is not available from RDKitToolkitWrapper. Available charge methods are [\'gasteiger\', \'mmff94\'] \n ToolkitWrapper around AmberTools version 22.0 <class \'openff.toolkit.utils.exceptions.ConformerGenerationError\'> : RDKit conformer generation failed.\n ToolkitWrapper around Built-in Toolkit version None <class \'openff.toolkit.utils.exceptions.ChargeMethodUnavailableError\'> : Partial charge method "am1bcc"" is not supported by the Built-in toolkit. Available charge methods are [\'zeros\', \'formal_charge\']\n']
gdb9_133873
['gdb9_133873', 'Failed on openmm_solv133872: No registered toolkits can provide the capability "generate_conformers" for args "(Molecule with name \'gdb_133873\' and SMILES \'[H][C]1([H])[C@@]2([H])[C]([H])([H])[C@@]3([H])[C@@]14[C]([H])([H])[N@+]3([H])[C@]4([H])[C]2([H])[H]\',)" and kwargs "{\'n_conformers\': 10, \'rms_cutoff\': None, \'clear_existing\': True, \'make_carboxylic_acids_cis\': True}"\nAvailable toolkits are: [ToolkitWrapper around The RDKit version 2023.09.6, ToolkitWrapper around AmberTools version 22.0, ToolkitWrapper around Built-in Toolkit version None]\n ToolkitWrapper around The RDKit version 2023.09.6 <class \'openff.toolkit.utils.exceptions.ConformerGenerationError\'> : RDKit conformer generation failed.\n']
gdb9_133874
['gdb9_133874', 'Failed on openmm_solv133873: No registered toolkits can provide the capability "generate_conformers" for args "(Molecule with name \'gdb_133874\' and SMILES \'[H][C]1([H])[C@]2([H])[O][C@]34[C]([H])([H])[N@@+]([H])([C@@]13[H])[C@]4([H])[C]2([H])[H]\',)" and kwargs "{\'n_conformers\': 10, \'rms_cutoff\': None, \'clear_existing\': True, \'make_carboxylic_acids_cis\': True}"\nAvailable toolkits are: [ToolkitWrapper around The RDKit version 2023.09.6, ToolkitWrapper around AmberTools version 22.0, ToolkitWrapper around Built-in Toolkit version None]\n ToolkitWrapper around The RDKit version 2023.09.6 <class \'openff.toolkit.utils.exceptions.ConformerGenerationError\'> : RDKit conformer generation failed.\n']
gdb9_133875
['gdb9_133875', 'Failed on openmm_solv133874: Explicit valence for atom # 5 C, 5, is greater than permitted']
gdb9_133876
['gdb9_133876', 'Failed on openmm_solv133875: No registered toolkits can provide the capability "generate_conformers" for args "(Molecule with name \'gdb_133876\' and SMILES \'[H][C]1([H])[C@@]2([H])[C@@]3([H])[C@@]14[C]([H])([H])[N@@+]1([H])[C@@]([H])([C@]24[H])[C@@]31[H]\',)" and kwargs "{\'n_conformers\': 10, \'rms_cutoff\': None, \'clear_existing\': True, \'make_carboxylic_acids_cis\': True}"\nAvailable toolkits are: [ToolkitWrapper around The RDKit version 2023.09.6, ToolkitWrapper around AmberTools version 22.0, ToolkitWrapper around Built-in Toolkit version None]\n ToolkitWrapper around The RDKit version 2023.09.6 <class \'openff.toolkit.utils.exceptions.ConformerGenerationError\'> : RDKit conformer generation failed.\n']
gdb9_133877
['gdb9_133877', 'Failed on openmm_solv133876: No registered toolkits can provide the capability "generate_conformers" for args "(Molecule with name \'gdb_133877\' and SMILES \'[H][C]1([H])[C@@]2([H])[C@@]3([H])[C@]2([H])[C@]2([H])[C@@]4([H])[C]([H])([H])[C@@]12[C@]43[H]\',)" and kwargs "{\'n_conformers\': 10, \'rms_cutoff\': None, \'clear_existing\': True, \'make_carboxylic_acids_cis\': True}"\nAvailable toolkits are: [ToolkitWrapper around The RDKit version 2023.09.6, ToolkitWrapper around AmberTools version 22.0, ToolkitWrapper around Built-in Toolkit version None]\n ToolkitWrapper around The RDKit version 2023.09.6 <class \'openff.toolkit.utils.exceptions.ConformerGenerationError\'> : RDKit conformer generation failed.\n']
gdb9_133878
['gdb9_133878', 'Failed on openmm_solv133877: No registered toolkits can provide the capability "generate_conformers" for args "(Molecule with name \'gdb_133878\' and SMILES \'[H][C]1([H])[C@]2([H])[C@]3([H])[C@]14[C]([H])([H])[C@@]1([H])[C@]3([H])[N@@+]1([H])[C@@]24[H]\',)" and kwargs "{\'n_conformers\': 10, \'rms_cutoff\': None, \'clear_existing\': True, \'make_carboxylic_acids_cis\': True}"\nAvailable toolkits are: [ToolkitWrapper around The RDKit version 2023.09.6, ToolkitWrapper around AmberTools version 22.0, ToolkitWrapper around Built-in Toolkit version None]\n ToolkitWrapper around The RDKit version 2023.09.6 <class \'openff.toolkit.utils.exceptions.ConformerGenerationError\'> : RDKit conformer generation failed.\n']
gdb9_133879
[Quantity(value=-209.02643665671349, unit=kilojoule/mole)]
gdb9_133880
['gdb9_133880', 'Failed on openmm_solv133879: No registered toolkits can provide the capability "generate_conformers" for args "(Molecule with name \'gdb_133880\' and SMILES \'[H][C]1([H])[C@@]2([H])[C@@]3([H])[C@@]14[O][C@]1([H])[C@@]3([H])[C@]1([H])[C@]24[H]\',)" and kwargs "{\'n_conformers\': 10, \'rms_cutoff\': None, \'clear_existing\': True, \'make_carboxylic_acids_cis\': True}"\nAvailable toolkits are: [ToolkitWrapper around The RDKit version 2023.09.6, ToolkitWrapper around AmberTools version 22.0, ToolkitWrapper around Built-in Toolkit version None]\n ToolkitWrapper around The RDKit version 2023.09.6 <class \'openff.toolkit.utils.exceptions.ConformerGenerationError\'> : RDKit conformer generation failed.\n']
gdb9_133881
['gdb9_133881', 'Failed on openmm_solv133880: Explicit valence for atom # 4 C, 5, is greater than permitted']
gdb9_133882
['gdb9_133882', 'Failed on openmm_solv133881: Explicit valence for atom # 5 C, 5, is greater than permitted']
gdb9_133883
['gdb9_133883', 'Failed on openmm_solv133882: No registered toolkits can provide the capability "generate_conformers" for args "(Molecule with name \'gdb_133883\' and SMILES \'[H][C]1([H])[C@@]23[C]([H])([H])[N@+]4([H])[C@]2([H])[C@]2([H])[C@]([H])([C@@]34[H])[N@+]12[H]\',)" and kwargs "{\'n_conformers\': 10, \'rms_cutoff\': None, \'clear_existing\': True, \'make_carboxylic_acids_cis\': True}"\nAvailable toolkits are: [ToolkitWrapper around The RDKit version 2023.09.6, ToolkitWrapper around AmberTools version 22.0, ToolkitWrapper around Built-in Toolkit version None]\n ToolkitWrapper around The RDKit version 2023.09.6 <class \'openff.toolkit.utils.exceptions.ConformerGenerationError\'> : RDKit conformer generation failed.\n']
gdb9_133884
['gdb9_133884', 'Failed on openmm_solv133883: No registered toolkits can provide the capability "generate_conformers" for args "(Molecule with name \'gdb_133884\' and SMILES \'[H][C]1([H])[C@]2([H])[C@@]3([H])[C@]2([H])[C@@]2([H])[C@@]14[C]([H])([H])[N@@+]2([H])[C@@]43[H]\',)" and kwargs "{\'n_conformers\': 10, \'rms_cutoff\': None, \'clear_existing\': True, \'make_carboxylic_acids_cis\': True}"\nAvailable toolkits are: [ToolkitWrapper around The RDKit version 2023.09.6, ToolkitWrapper around AmberTools version 22.0, ToolkitWrapper around Built-in Toolkit version None]\n ToolkitWrapper around The RDKit version 2023.09.6 <class \'openff.toolkit.utils.exceptions.ConformerGenerationError\'> : RDKit conformer generation failed.\n']
gdb9_133885
['gdb9_133885', 'Failed on openmm_solv133884: No registered toolkits can provide the capability "generate_conformers" for args "(Molecule with name \'gdb_133885\' and SMILES \'[H][C]1([H])[C@@]23[O][C@]4([H])[C@@]5([H])[C@]4([H])[C@]2([H])[N@+]1([H])[C@@]35[H]\',)" and kwargs "{\'n_conformers\': 10, \'rms_cutoff\': None, \'clear_existing\': True, \'make_carboxylic_acids_cis\': True}"\nAvailable toolkits are: [ToolkitWrapper around The RDKit version 2023.09.6, ToolkitWrapper around AmberTools version 22.0, ToolkitWrapper around Built-in Toolkit version None]\n ToolkitWrapper around The RDKit version 2023.09.6 <class \'openff.toolkit.utils.exceptions.ConformerGenerationError\'> : RDKit conformer generation failed.\n']
